#
# An unexpected error has been detected by HotSpot Virtual Machine:
#
#  EXCEPTION_ACCESS_VIOLATION (0xc0000005) at pc=0x6d69fd3b, pid=3380, tid=3812
#
# Java VM: Java HotSpot(TM) Client VM (1.5.0_04-b05 mixed mode)
# Problematic frame:
# V  [jvm.dll+0x5fd3b]
#

---------------  T H R E A D  ---------------

Current thread (0x00894080):  JavaThread "AWT-EventQueue-0" [_thread_in_vm, id=3812]

siginfo: ExceptionCode=0xc0000005, reading address 0x00000005

Registers:
EAX=0x07352178, EBX=0x0088281c, ECX=0x00006573, EDX=0x00882824
ESP=0x0db5f3cc, EBP=0x0db5f494, ESI=0x00882820, EDI=0x00000001
EIP=0x6d69fd3b, EFLAGS=0x00010216

Top of Stack: (sp=0x0db5f3cc)
0x0db5f3cc:   00894080 07352178 0088281c 06c62728
0x0db5f3dc:   00000000 06c13258 0db5f3f0 420d0000
0x0db5f3ec:   02c23608 00000021 02c23548 00000000
0x0db5f3fc:   ffffffff 02c23608 0000002f 02c234c8
0x0db5f40c:   00000017 00000018 0db5f414 06c13250
0x0db5f41c:   0db5f438 06c62728 00000000 06c13258
0x0db5f42c:   0db5f438 0db5f45c 00be29cf 00000000
0x0db5f43c:   02c23748 0db5f440 06e0db8c 0db5f470 

Instructions: (pc=0x6d69fd3b)
0x6d69fd2b:   00 8b 4d 0c 53 56 8b 75 08 57 8b 06 8b 7c 88 1c
0x6d69fd3b:   8b 47 04 8d 48 08 8b 40 08 ff 50 7c 85 c0 74 07 


Stack: [0x0db20000,0x0db60000),  sp=0x0db5f3cc,  free space=252k
Native frames: (J=compiled Java code, j=interpreted, Vv=VM code, C=native code)
V  [jvm.dll+0x5fd3b]
V  [jvm.dll+0x60d4a]
V  [jvm.dll+0xc2c07]
V  [jvm.dll+0x7d894]
j  com.gftech.ictclas4j.segment.Segment.<init>(Ljava/lang/String;Lcom/gftech/ictclas4j/bean/Dictionary;Lcom/gftech/ictclas4j/bean/Dictionary;)V+48
j  com.gftech.ictclas4j.run.FrmMain$1.actionPerformed(Ljava/awt/event/ActionEvent;)V+20
j  javax.swing.AbstractButton.fireActionPerformed(Ljava/awt/event/ActionEvent;)V+84
j  javax.swing.AbstractButton$Handler.actionPerformed(Ljava/awt/event/ActionEvent;)V+5
j  javax.swing.DefaultButtonModel.fireActionPerformed(Ljava/awt/event/ActionEvent;)V+35
j  javax.swing.DefaultButtonModel.setPressed(Z)V+117
j  javax.swing.plaf.basic.BasicButtonListener.mouseReleased(Ljava/awt/event/MouseEvent;)V+35
j  java.awt.Component.processMouseEvent(Ljava/awt/event/MouseEvent;)V+64
j  javax.swing.JComponent.processMouseEvent(Ljava/awt/event/MouseEvent;)V+23
j  java.awt.Component.processEvent(Ljava/awt/AWTEvent;)V+81
j  java.awt.Container.processEvent(Ljava/awt/AWTEvent;)V+18
j  java.awt.Component.dispatchEventImpl(Ljava/awt/AWTEvent;)V+477
j  java.awt.Container.dispatchEventImpl(Ljava/awt/AWTEvent;)V+42
j  java.awt.Component.dispatchEvent(Ljava/awt/AWTEvent;)V+2
j  java.awt.LightweightDispatcher.retargetMouseEvent(Ljava/awt/Component;ILjava/awt/event/MouseEvent;)V+304
j  java.awt.LightweightDispatcher.processMouseEvent(Ljava/awt/event/MouseEvent;)Z+139
j  java.awt.LightweightDispatcher.dispatchEvent(Ljava/awt/AWTEvent;)Z+50
j  java.awt.Container.dispatchEventImpl(Ljava/awt/AWTEvent;)V+12
j  java.awt.Window.dispatchEventImpl(Ljava/awt/AWTEvent;)V+19
j  java.awt.Component.dispatchEvent(Ljava/awt/AWTEvent;)V+2
j  java.awt.EventQueue.dispatchEvent(Ljava/awt/AWTEvent;)V+46
j  java.awt.EventDispatchThread.pumpOneEventForHierarchy(ILjava/awt/Component;)Z+233
j  java.awt.EventDispatchThread.pumpEventsForHierarchy(ILjava/awt/Conditional;Ljava/awt/Component;)V+26
j  java.awt.EventDispatchThread.pumpEvents(ILjava/awt/Conditional;)V+4
j  java.awt.EventDispatchThread.pumpEvents(Ljava/awt/Conditional;)V+3
j  java.awt.EventDispatchThread.run()V+9
v  ~StubRoutines::call_stub
V  [jvm.dll+0x82696]
V  [jvm.dll+0xd6fd9]
V  [jvm.dll+0x82567]
V  [jvm.dll+0x822c4]
V  [jvm.dll+0x9d216]
V  [jvm.dll+0x101489]
V  [jvm.dll+0x101457]
C  [MSVCRT.dll+0x2a3b0]
C  [kernel32.dll+0xb683]

Java frames: (J=compiled Java code, j=interpreted, Vv=VM code)
j  com.gftech.ictclas4j.segment.Segment.<init>(Ljava/lang/String;Lcom/gftech/ictclas4j/bean/Dictionary;Lcom/gftech/ictclas4j/bean/Dictionary;)V+48
j  com.gftech.ictclas4j.run.FrmMain$1.actionPerformed(Ljava/awt/event/ActionEvent;)V+20
j  javax.swing.AbstractButton.fireActionPerformed(Ljava/awt/event/ActionEvent;)V+84
j  javax.swing.AbstractButton$Handler.actionPerformed(Ljava/awt/event/ActionEvent;)V+5
j  javax.swing.DefaultButtonModel.fireActionPerformed(Ljava/awt/event/ActionEvent;)V+35
j  javax.swing.DefaultButtonModel.setPressed(Z)V+117
j  javax.swing.plaf.basic.BasicButtonListener.mouseReleased(Ljava/awt/event/MouseEvent;)V+35
j  java.awt.Component.processMouseEvent(Ljava/awt/event/MouseEvent;)V+64
j  javax.swing.JComponent.processMouseEvent(Ljava/awt/event/MouseEvent;)V+23
j  java.awt.Component.processEvent(Ljava/awt/AWTEvent;)V+81
j  java.awt.Container.processEvent(Ljava/awt/AWTEvent;)V+18
j  java.awt.Component.dispatchEventImpl(Ljava/awt/AWTEvent;)V+477
j  java.awt.Container.dispatchEventImpl(Ljava/awt/AWTEvent;)V+42
j  java.awt.Component.dispatchEvent(Ljava/awt/AWTEvent;)V+2
j  java.awt.LightweightDispatcher.retargetMouseEvent(Ljava/awt/Component;ILjava/awt/event/MouseEvent;)V+304
j  java.awt.LightweightDispatcher.processMouseEvent(Ljava/awt/event/MouseEvent;)Z+139
j  java.awt.LightweightDispatcher.dispatchEvent(Ljava/awt/AWTEvent;)Z+50
j  java.awt.Container.dispatchEventImpl(Ljava/awt/AWTEvent;)V+12
j  java.awt.Window.dispatchEventImpl(Ljava/awt/AWTEvent;)V+19
j  java.awt.Component.dispatchEvent(Ljava/awt/AWTEvent;)V+2
j  java.awt.EventQueue.dispatchEvent(Ljava/awt/AWTEvent;)V+46
j  java.awt.EventDispatchThread.pumpOneEventForHierarchy(ILjava/awt/Component;)Z+233
j  java.awt.EventDispatchThread.pumpEventsForHierarchy(ILjava/awt/Conditional;Ljava/awt/Component;)V+26
j  java.awt.EventDispatchThread.pumpEvents(ILjava/awt/Conditional;)V+4
j  java.awt.EventDispatchThread.pumpEvents(Ljava/awt/Conditional;)V+3
j  java.awt.EventDispatchThread.run()V+9
v  ~StubRoutines::call_stub

---------------  P R O C E S S  ---------------

Java Threads: ( => current thread )
=>0x00894080 JavaThread "AWT-EventQueue-0" [_thread_in_vm, id=3812]
  0x00880080 JavaThread "TimerQueue" daemon [_thread_blocked, id=4024]
  0x0087e3d0 JavaThread "DestroyJavaVM" [_thread_blocked, id=2568]
  0x00876630 JavaThread "AWT-Shutdown" [_thread_blocked, id=2808]
  0x00861d10 JavaThread "AWT-Windows" daemon [_thread_in_native, id=3720]
  0x0084ccb0 JavaThread "Java2D Disposer" daemon [_thread_blocked, id=3492]
  0x0083c840 JavaThread "Low Memory Detector" daemon [_thread_blocked, id=3044]
  0x0083a150 JavaThread "CompilerThread0" daemon [_thread_blocked, id=3572]
  0x00838190 JavaThread "Signal Dispatcher" daemon [_thread_blocked, id=3020]
  0x00837c00 JavaThread "JDWP Command Reader" daemon [_thread_in_native, id=3556]
  0x00836a70 JavaThread "JDWP Event Helper Thread" daemon [_thread_blocked, id=216]
  0x00834400 JavaThread "JDWP Transport Listener: dt_socket" daemon [_thread_blocked, id=3028]
  0x0082d770 JavaThread "Finalizer" daemon [_thread_blocked, id=796]
  0x0082c480 JavaThread "Reference Handler" daemon [_thread_blocked, id=3336]

Other Threads:
  0x0082b710 VMThread [id=2552]
  0x0083d410 WatcherThread [id=840]

VM state:synchronizing (normal execution)

VM Mutex/Monitor currently owned by a thread:  ([mutex/lock_event])
[0x00823cb0/0x00002724] Threads_lock - owner thread: 0x0082b710

Heap
 def new generation   total 4544K, used 448K [0x02be0000, 0x030c0000, 0x030c0000)
  eden space 4096K,   6% used [0x02be0000, 0x02c26210, 0x02fe0000)
  from space 448K,  37% used [0x02fe0000, 0x0300a148, 0x03050000)
  to   space 448K,   0% used [0x03050000, 0x03050000, 0x030c0000)
 tenured generation   total 60544K, used 40804K [0x030c0000, 0x06be0000, 0x06be0000)
   the space 60544K,  67% used [0x030c0000, 0x05899098, 0x05899200, 0x06be0000)
 compacting perm gen  total 8192K, used 7966K [0x06be0000, 0x073e0000, 0x0abe0000)
   the space 8192K,  97% used [0x06be0000, 0x073a7ad8, 0x073a7c00, 0x073e0000)
No shared spaces configured.

Dynamic libraries:
0x00400000 - 0x0040c000 	D:\Java\jre1.5.0_04\bin\javaw.exe
0x7c920000 - 0x7c9b4000 	C:\WINDOWS\system32\ntdll.dll
0x7c800000 - 0x7c91c000 	C:\WINDOWS\system32\kernel32.dll
0x77da0000 - 0x77e49000 	C:\WINDOWS\system32\ADVAPI32.dll
0x77e50000 - 0x77ee1000 	C:\WINDOWS\system32\RPCRT4.dll
0x77d10000 - 0x77d9f000 	C:\WINDOWS\system32\USER32.dll
0x77ef0000 - 0x77f37000 	C:\WINDOWS\system32\GDI32.dll
0x77be0000 - 0x77c38000 	C:\WINDOWS\system32\MSVCRT.dll
0x76300000 - 0x7631d000 	C:\WINDOWS\system32\IMM32.DLL
0x62c20000 - 0x62c29000 	C:\WINDOWS\system32\LPK.DLL
0x73fa0000 - 0x7400b000 	C:\WINDOWS\system32\USP10.dll
0x6d640000 - 0x6d7c9000 	D:\Java\jre1.5.0_04\bin\client\jvm.dll
0x76b10000 - 0x76b3a000 	C:\WINDOWS\system32\WINMM.dll
0x5ce30000 - 0x5ce37000 	C:\WINDOWS\system32\serwvdrv.dll
0x5b0f0000 - 0x5b0f7000 	C:\WINDOWS\system32\umdmxfrm.dll
0x6d280000 - 0x6d288000 	D:\Java\jre1.5.0_04\bin\hpi.dll
0x76bc0000 - 0x76bcb000 	C:\WINDOWS\system32\PSAPI.DLL
0x6d380000 - 0x6d3b5000 	D:\Java\jre1.5.0_04\bin\jdwp.dll
0x6d610000 - 0x6d61c000 	D:\Java\jre1.5.0_04\bin\verify.dll
0x6d300000 - 0x6d31d000 	D:\Java\jre1.5.0_04\bin\java.dll
0x6d630000 - 0x6d63f000 	D:\Java\jre1.5.0_04\bin\zip.dll
0x6d220000 - 0x6d227000 	D:\Java\jre1.5.0_04\bin\dt_socket.dll
0x71a20000 - 0x71a37000 	C:\WINDOWS\system32\WS2_32.dll
0x71a10000 - 0x71a18000 	C:\WINDOWS\system32\WS2HELP.dll
0x719c0000 - 0x719fe000 	C:\WINDOWS\System32\mswsock.dll
0x76ef0000 - 0x76f17000 	C:\WINDOWS\system32\DNSAPI.dll
0x76f80000 - 0x76f88000 	C:\WINDOWS\System32\winrnr.dll
0x76f30000 - 0x76f5c000 	C:\WINDOWS\system32\WLDAP32.dll
0x76f90000 - 0x76f96000 	C:\WINDOWS\system32\rasadhlp.dll
0x60fd0000 - 0x61025000 	C:\WINDOWS\system32\hnetcfg.dll
0x71a00000 - 0x71a08000 	C:\WINDOWS\System32\wshtcpip.dll
0x6d000000 - 0x6d167000 	D:\Java\jre1.5.0_04\bin\awt.dll
0x72f70000 - 0x72f96000 	C:\WINDOWS\system32\WINSPOOL.DRV
0x76990000 - 0x76acd000 	C:\WINDOWS\system32\ole32.dll
0x5adc0000 - 0x5adf7000 	C:\WINDOWS\system32\uxtheme.dll
0x736d0000 - 0x73719000 	C:\WINDOWS\system32\ddraw.dll
0x73b30000 - 0x73b36000 	C:\WINDOWS\system32\DCIMAN32.dll
0x738b0000 - 0x73980000 	C:\WINDOWS\system32\D3DIM700.DLL
0x6d240000 - 0x6d27d000 	D:\Java\jre1.5.0_04\bin\fontmanager.dll
0x10000000 - 0x10008000 	C:\PROGRA~1\FLASHGET\fgmgr.dll
0x77f40000 - 0x77fb6000 	C:\WINDOWS\system32\SHLWAPI.dll
0x73640000 - 0x7366e000 	C:\WINDOWS\system32\msctfime.ime
0x7d590000 - 0x7dd82000 	C:\WINDOWS\system32\shell32.dll
0x77180000 - 0x77283000 	C:\WINDOWS\WinSxS\x86_Microsoft.Windows.Common-Controls_6595b64144ccf1df_6.0.2600.2982_x-ww_ac3f9c03\comctl32.dll
0x5d170000 - 0x5d20a000 	C:\WINDOWS\system32\comctl32.dll
0x6d4c0000 - 0x6d4d3000 	D:\Java\jre1.5.0_04\bin\net.dll
0x6d4e0000 - 0x6d4e9000 	D:\Java\jre1.5.0_04\bin\nio.dll
0x0d7a0000 - 0x0d80e000 	C:\WINDOWS\system32\FREEWB.IME
0x76320000 - 0x76367000 	C:\WINDOWS\system32\comdlg32.dll

VM Arguments:
jvm_args: -agentlib:jdwp=transport=dt_socket,suspend=y,address=localhost:2645
java_command: com.gftech.ictclas4j.run.SegMain

Environment Variables:
JAVA_HOME=D:\Java\jdk1.5.0_04
CLASSPATH=D:\Apache\apache-tomcat-5.5.12\common\lib\servlet.jar;E:\gftech\library\classes12.jar
PATH=D:\ruby\bin;d:\groovy-1.0\bin;d:\oracle\ora90\bin;d:\oracle\ora90\Apache\Perl\5.00503\bin\mswin32-x86;C:\Program Files\Oracle\jre\1.1.8\bin;C:\WINDOWS\system32;C:\WINDOWS;C:\WINDOWS\System32\Wbem;D:\YAHOO!\YAHOO!~1;C:\Program Files\Symantec\pcAnywhere\;.;D:\Java\jdk1.5.0_04;D:\Java\jdk1.5.0_04\BIN;C:\apache-ant-1.6.5\BIN;RUBY_HOME;\BIN;D:\Apache\apache-tomcat-5.5.12\BIN;D:\eclipse\tptpd\lib;D:\eclipse\tptpd\bin
USERNAME=sinboy
OS=Windows_NT
PROCESSOR_IDENTIFIER=x86 Family 15 Model 44 Stepping 2, AuthenticAMD



---------------  S Y S T E M  ---------------

OS: Windows XP Build 2600 Service Pack 2

CPU:total 1 family 47, cmov, cx8, fxsr, mmx, sse, sse2

Memory: 4k page, physical 458224k(23344k free), swap 1406412k(449956k free)

vm_info: Java HotSpot(TM) Client VM (1.5.0_04-b05) for windows-x86, built on Jun  3 2005 02:10:41 by "java_re" with MS VC++ 6.0

