#
# An unexpected error has been detected by HotSpot Virtual Machine:
#
#  Internal Error (4A41564123414C4C530E4350500015), pid=680, tid=4048
#
# Java VM: Java HotSpot(TM) Client VM (1.5.0_04-b05 mixed mode)

---------------  T H R E A D  ---------------

Current thread (0x0082b230):  VMThread [id=4048]

Stack: [0x0abe0000,0x0ac20000),  sp=0x0ac1f0e8,  free space=252k
Native frames: (J=compiled Java code, j=interpreted, Vv=VM code, C=native code)
V  [jvm.dll+0x114892]
V  [jvm.dll+0x61795]
V  [jvm.dll+0x82056]
V  [jvm.dll+0x8265c]
V  [jvm.dll+0xd6fd9]
V  [jvm.dll+0x82567]
V  [jvm.dll+0x66c18]
V  [jvm.dll+0x66cff]
V  [jvm.dll+0x66d44]
V  [jvm.dll+0x70e95]
V  [jvm.dll+0x70ec6]
V  [jvm.dll+0x70a47]
V  [jvm.dll+0x70143]
V  [jvm.dll+0x6fbc5]

VM_Operation (0x0acdfb24): get/set locals, mode: safepoint, requested by thread 0x00835cc0


---------------  P R O C E S S  ---------------

Java Threads: ( => current thread )
  0x00884590 JavaThread "TimerQueue" daemon [_thread_blocked, id=2180]
  0x00883e80 JavaThread "DestroyJavaVM" [_thread_blocked, id=2192]
  0x0087a830 JavaThread "AWT-EventQueue-0" [_thread_blocked, id=2184]
  0x00862330 JavaThread "AWT-Windows" daemon [_thread_in_native, id=2968]
  0x00862a50 JavaThread "AWT-Shutdown" [_thread_blocked, id=2232]
  0x00860e30 JavaThread "Java2D Disposer" daemon [_thread_blocked, id=1348]
  0x0083de80 JavaThread "Low Memory Detector" daemon [_thread_blocked, id=3056]
  0x0083b830 JavaThread "CompilerThread0" daemon [_thread_blocked, id=3408]
  0x008391a0 JavaThread "Signal Dispatcher" daemon [_thread_blocked, id=3956]
  0x00837530 JavaThread "JDWP Command Reader" daemon [_thread_in_native, id=2820]
  0x008363d0 JavaThread "JDWP Event Helper Thread" daemon [_thread_blocked, id=3968]
  0x00835cc0 JavaThread "JDWP Transport Listener: dt_socket" daemon [_thread_blocked, id=3944]
  0x0082d2a0 JavaThread "Finalizer" daemon [_thread_blocked, id=3288]
  0x0082de80 JavaThread "Reference Handler" daemon [_thread_blocked, id=3008]

Other Threads:
=>0x0082b230 VMThread [id=4048]
  0x0083eae0 WatcherThread [id=316]

VM state:at safepoint (normal execution)

VM Mutex/Monitor currently owned by a thread:  ([mutex/lock_event])
[0x008237c0/0x00002724] Threads_lock - owner thread: 0x0082b230

Heap
 def new generation   total 4032K, used 303K [0x02be0000, 0x03030000, 0x030c0000)
  eden space 3648K,   2% used [0x02be0000, 0x02bf4680, 0x02f70000)
  from space 384K,  57% used [0x02f70000, 0x02fa7668, 0x02fd0000)
  to   space 384K,   0% used [0x02fd0000, 0x02fd0000, 0x03030000)
 tenured generation   total 52608K, used 44737K [0x030c0000, 0x06420000, 0x06be0000)
   the space 52608K,  85% used [0x030c0000, 0x05c70738, 0x05c70800, 0x06420000)
 compacting perm gen  total 8192K, used 7960K [0x06be0000, 0x073e0000, 0x0abe0000)
   the space 8192K,  97% used [0x06be0000, 0x073a6158, 0x073a6200, 0x073e0000)
No shared spaces configured.

Dynamic libraries:
0x00400000 - 0x0040c000 	D:\Java\jre1.5.0_04\bin\javaw.exe
0x7c920000 - 0x7c9b4000 	C:\WINDOWS\system32\ntdll.dll
0x7c800000 - 0x7c91c000 	C:\WINDOWS\system32\kernel32.dll
0x77da0000 - 0x77e49000 	C:\WINDOWS\system32\ADVAPI32.dll
0x77e50000 - 0x77ee1000 	C:\WINDOWS\system32\RPCRT4.dll
0x77d10000 - 0x77d9f000 	C:\WINDOWS\system32\USER32.dll
0x77ef0000 - 0x77f37000 	C:\WINDOWS\system32\GDI32.dll
0x77be0000 - 0x77c38000 	C:\WINDOWS\system32\MSVCRT.dll
0x76300000 - 0x7631d000 	C:\WINDOWS\system32\IMM32.DLL
0x62c20000 - 0x62c29000 	C:\WINDOWS\system32\LPK.DLL
0x73fa0000 - 0x7400b000 	C:\WINDOWS\system32\USP10.dll
0x6d640000 - 0x6d7c9000 	D:\Java\jre1.5.0_04\bin\client\jvm.dll
0x76b10000 - 0x76b3a000 	C:\WINDOWS\system32\WINMM.dll
0x5ce30000 - 0x5ce37000 	C:\WINDOWS\system32\serwvdrv.dll
0x5b0f0000 - 0x5b0f7000 	C:\WINDOWS\system32\umdmxfrm.dll
0x6d280000 - 0x6d288000 	D:\Java\jre1.5.0_04\bin\hpi.dll
0x76bc0000 - 0x76bcb000 	C:\WINDOWS\system32\PSAPI.DLL
0x6d380000 - 0x6d3b5000 	D:\Java\jre1.5.0_04\bin\jdwp.dll
0x6d610000 - 0x6d61c000 	D:\Java\jre1.5.0_04\bin\verify.dll
0x6d300000 - 0x6d31d000 	D:\Java\jre1.5.0_04\bin\java.dll
0x6d630000 - 0x6d63f000 	D:\Java\jre1.5.0_04\bin\zip.dll
0x6d220000 - 0x6d227000 	D:\Java\jre1.5.0_04\bin\dt_socket.dll
0x71a20000 - 0x71a37000 	C:\WINDOWS\system32\WS2_32.dll
0x71a10000 - 0x71a18000 	C:\WINDOWS\system32\WS2HELP.dll
0x719c0000 - 0x719fe000 	C:\WINDOWS\System32\mswsock.dll
0x76ef0000 - 0x76f17000 	C:\WINDOWS\system32\DNSAPI.dll
0x76f80000 - 0x76f88000 	C:\WINDOWS\System32\winrnr.dll
0x76f30000 - 0x76f5c000 	C:\WINDOWS\system32\WLDAP32.dll
0x76f90000 - 0x76f96000 	C:\WINDOWS\system32\rasadhlp.dll
0x60fd0000 - 0x61025000 	C:\WINDOWS\system32\hnetcfg.dll
0x71a00000 - 0x71a08000 	C:\WINDOWS\System32\wshtcpip.dll
0x6d000000 - 0x6d167000 	D:\Java\jre1.5.0_04\bin\awt.dll
0x72f70000 - 0x72f96000 	C:\WINDOWS\system32\WINSPOOL.DRV
0x76990000 - 0x76acd000 	C:\WINDOWS\system32\ole32.dll
0x5adc0000 - 0x5adf7000 	C:\WINDOWS\system32\uxtheme.dll
0x736d0000 - 0x73719000 	C:\WINDOWS\system32\ddraw.dll
0x73b30000 - 0x73b36000 	C:\WINDOWS\system32\DCIMAN32.dll
0x738b0000 - 0x73980000 	C:\WINDOWS\system32\D3DIM700.DLL
0x6d240000 - 0x6d27d000 	D:\Java\jre1.5.0_04\bin\fontmanager.dll
0x10000000 - 0x10008000 	C:\Program Files\FlashGet\fgmgr.dll
0x77f40000 - 0x77fb6000 	C:\WINDOWS\system32\SHLWAPI.dll
0x73640000 - 0x7366e000 	C:\WINDOWS\system32\msctfime.ime
0x7d590000 - 0x7dd82000 	C:\WINDOWS\system32\shell32.dll
0x77180000 - 0x77283000 	C:\WINDOWS\WinSxS\x86_Microsoft.Windows.Common-Controls_6595b64144ccf1df_6.0.2600.2982_x-ww_ac3f9c03\comctl32.dll
0x5d170000 - 0x5d20a000 	C:\WINDOWS\system32\comctl32.dll
0x6d4c0000 - 0x6d4d3000 	D:\Java\jre1.5.0_04\bin\net.dll
0x6d4e0000 - 0x6d4e9000 	D:\Java\jre1.5.0_04\bin\nio.dll

VM Arguments:
jvm_args: -agentlib:jdwp=transport=dt_socket,suspend=y,address=localhost:1768
java_command: com.gftech.ictclas4j.run.SegMain

Environment Variables:
JAVA_HOME=D:\Java\jdk1.5.0_04
CLASSPATH=D:\Apache\apache-tomcat-5.5.12\common\lib\servlet.jar;E:\gftech\library\classes12.jar
PATH=D:\ruby\bin;d:\groovy-1.0\bin;d:\oracle\ora90\bin;d:\oracle\ora90\Apache\Perl\5.00503\bin\mswin32-x86;C:\Program Files\Oracle\jre\1.1.8\bin;C:\WINDOWS\system32;C:\WINDOWS;C:\WINDOWS\System32\Wbem;D:\YAHOO!\YAHOO!~1;C:\Program Files\Symantec\pcAnywhere\;.;D:\Java\jdk1.5.0_04;D:\Java\jdk1.5.0_04\BIN;C:\apache-ant-1.6.5\BIN;RUBY_HOME;\BIN;D:\Apache\apache-tomcat-5.5.12\BIN;D:\eclipse\tptpd\lib;D:\eclipse\tptpd\bin
USERNAME=lenovo
OS=Windows_NT
PROCESSOR_IDENTIFIER=x86 Family 15 Model 44 Stepping 2, AuthenticAMD



---------------  S Y S T E M  ---------------

OS: Windows XP Build 2600 Service Pack 2

CPU:total 1 family 47, cmov, cx8, fxsr, mmx, sse, sse2

Memory: 4k page, physical 458224k(28100k free), swap 1079756k(472700k free)

vm_info: Java HotSpot(TM) Client VM (1.5.0_04-b05) for windows-x86, built on Jun  3 2005 02:10:41 by "java_re" with MS VC++ 6.0

